Build started 7/21/2015 2:48:00 PM.
     1>Project "C:\Users\student\Desktop\Rose O\BlackJack\BlackJack\BlackJack.vcxproj" on node 2 (Build target(s)).
     1>ClCompile:
         C:\Program Files (x86)\Microsoft Visual Studio 12.0\VC\bin\CL.exe /c /ZI /nologo /W3 /WX- /sdl /Od /Oy- /D WIN32 /D _DEBUG /D _CONSOLE /D _LIB /D _UNICODE /D UNICODE /Gm /EHsc /RTC1 /MDd /GS /fp:precise /Zc:wchar_t /Zc:forScope /Yu"stdafx.h" /Fp"Debug\BlackJack.pch" /Fo"Debug\\" /Fd"Debug\vc120.pdb" /Gd /TP /analyze- /errorReport:prompt Jack.cpp
         Jack.cpp
     1>c:\users\student\desktop\rose o\blackjack\blackjack\jack.cpp(26): error C2143: syntax error : missing ';' before '}'
     1>Done Building Project "C:\Users\student\Desktop\Rose O\BlackJack\BlackJack\BlackJack.vcxproj" (Build target(s)) -- FAILED.

Build FAILED.

Time Elapsed 00:00:00.50
