Build started 7/21/2015 1:34:54 PM.
     1>Project "C:\Users\student\Desktop\Rose O\Battler\Battler\Battler.vcxproj" on node 2 (Build target(s)).
     1>ClCompile:
         C:\Program Files (x86)\Microsoft Visual Studio 12.0\VC\bin\CL.exe /c /ZI /nologo /W3 /WX- /sdl /Od /Oy- /D WIN32 /D _DEBUG /D _CONSOLE /D _LIB /D _UNICODE /D UNICODE /Gm /EHsc /RTC1 /MDd /GS /fp:precise /Zc:wchar_t /Zc:forScope /Yu"stdafx.h" /Fp"Debug\Battler.pch" /Fo"Debug\\" /Fd"Debug\vc120.pdb" /Gd /TP /analyze- /errorReport:prompt Battle.cpp
         Battle.cpp
     1>c:\users\student\desktop\rose o\battler\battler\battle.cpp(9): warning C4244: 'argument' : conversion from 'time_t' to 'unsigned int', possible loss of data
     1>c:\users\student\desktop\rose o\battler\battler\battle.cpp(43): error C2109: subscript requires array or pointer type
     1>c:\users\student\desktop\rose o\battler\battler\battle.cpp(46): error C2109: subscript requires array or pointer type
     1>c:\users\student\desktop\rose o\battler\battler\battle.cpp(47): error C2143: syntax error : missing ';' before '}'
     1>Done Building Project "C:\Users\student\Desktop\Rose O\Battler\Battler\Battler.vcxproj" (Build target(s)) -- FAILED.

Build FAILED.

Time Elapsed 00:00:00.65
